<?xml version="1.0" encoding="UTF-8"?>
<!-- Generated by org.testng.reporters.JUnitReportReporter -->
<testsuite hostname="LuCiFeR" failures="0" tests="6" name="com.fb.account.setUp.UserProfile" time="169.305" errors="0" timestamp="05 Jun 2021 05:37:26 GMT" skipped="0">
  <testcase classname="com.fb.account.setUp.UserProfile" name="addWorkplaceDetails" time="25.560"/>
  <testcase classname="com.fb.account.setUp.UserProfile" name="addSchoolDetails" time="33.003"/>
  <testcase classname="com.fb.account.setUp.UserProfile" name="addUniversityDetails" time="35.624"/>
  <testcase classname="com.fb.account.setUp.UserProfile" name="addCurrentCityDetails" time="24.537"/>
  <testcase classname="com.fb.account.setUp.UserProfile" name="addHometowndetails" time="25.576"/>
  <testcase classname="com.fb.account.setUp.UserProfile" name="addRelationshipStatus" time="25.005"/>
</testsuite> <!-- com.fb.account.setUp.UserProfile -->
