<?xml version="1.0" encoding="UTF-8"?>
<!-- Generated by org.testng.reporters.JUnitReportReporter -->
<testsuite hostname="LuCiFeR" failures="0" tests="1" name="com.fb.account.setUp.NewsFeeds" time="16.522" errors="0" timestamp="2021-05-30T00:18:46 IST" skipped="0">
  <testcase classname="com.fb.account.setUp.NewsFeeds" name="clickOnUser" time="16.522"/>
  <system-out/>
</testsuite> <!-- com.fb.account.setUp.NewsFeeds -->
