<?xml version="1.0" encoding="UTF-8"?>
<!-- Generated by org.testng.reporters.JUnitReportReporter -->
<testsuite hostname="LuCiFeR" failures="0" tests="1" name="com.fb.account.setUp.UserProfile" time="22.904" errors="0" timestamp="2021-06-02T10:59:39 IST" skipped="0">
  <testcase classname="com.fb.account.setUp.UserProfile" name="ClickOnAbout" time="22.904"/>
  <system-out/>
</testsuite> <!-- com.fb.account.setUp.UserProfile -->
